{"/Users/adrianagraybill/codefellows/301n13/labs/data-structures-and-algorithms/data-structures/linkedList/linked-list.js": {"path":"/Users/adrianagraybill/codefellows/301n13/labs/data-structures-and-algorithms/data-structures/linkedList/linked-list.js","statementMap":{"0":{"start":{"line":5,"column":4},"end":{"line":5,"column":23}},"1":{"start":{"line":6,"column":4},"end":{"line":6,"column":21}},"2":{"start":{"line":12,"column":4},"end":{"line":12,"column":21}},"3":{"start":{"line":16,"column":16},"end":{"line":16,"column":17}},"4":{"start":{"line":17,"column":18},"end":{"line":17,"column":27}},"5":{"start":{"line":18,"column":4},"end":{"line":21,"column":5}},"6":{"start":{"line":19,"column":6},"end":{"line":19,"column":15}},"7":{"start":{"line":20,"column":6},"end":{"line":20,"column":29}},"8":{"start":{"line":22,"column":4},"end":{"line":22,"column":17}},"9":{"start":{"line":26,"column":4},"end":{"line":27,"column":21}},"10":{"start":{"line":37,"column":4},"end":{"line":37,"column":43}},"11":{"start":{"line":41,"column":18},"end":{"line":41,"column":27}},"12":{"start":{"line":42,"column":4},"end":{"line":47,"column":5}},"13":{"start":{"line":43,"column":6},"end":{"line":45,"column":7}},"14":{"start":{"line":44,"column":8},"end":{"line":44,"column":20}},"15":{"start":{"line":46,"column":6},"end":{"line":46,"column":29}},"16":{"start":{"line":48,"column":4},"end":{"line":48,"column":16}},"17":{"start":{"line":52,"column":18},"end":{"line":52,"column":27}},"18":{"start":{"line":53,"column":17},"end":{"line":53,"column":19}},"19":{"start":{"line":54,"column":4},"end":{"line":57,"column":5}},"20":{"start":{"line":55,"column":6},"end":{"line":55,"column":38}},"21":{"start":{"line":56,"column":6},"end":{"line":56,"column":29}},"22":{"start":{"line":58,"column":4},"end":{"line":58,"column":18}},"23":{"start":{"line":62,"column":18},"end":{"line":62,"column":27}},"24":{"start":{"line":63,"column":4},"end":{"line":70,"column":5}},"25":{"start":{"line":64,"column":6},"end":{"line":66,"column":7}},"26":{"start":{"line":65,"column":8},"end":{"line":65,"column":31}},"27":{"start":{"line":67,"column":6},"end":{"line":67,"column":37}},"28":{"start":{"line":69,"column":6},"end":{"line":69,"column":34}},"29":{"start":{"line":74,"column":18},"end":{"line":74,"column":27}},"30":{"start":{"line":75,"column":4},"end":{"line":77,"column":5}},"31":{"start":{"line":76,"column":6},"end":{"line":76,"column":29}},"32":{"start":{"line":78,"column":4},"end":{"line":78,"column":49}},"33":{"start":{"line":82,"column":18},"end":{"line":82,"column":27}},"34":{"start":{"line":83,"column":4},"end":{"line":85,"column":5}},"35":{"start":{"line":84,"column":6},"end":{"line":84,"column":29}},"36":{"start":{"line":86,"column":4},"end":{"line":86,"column":49}},"37":{"start":{"line":90,"column":18},"end":{"line":90,"column":27}},"38":{"start":{"line":91,"column":18},"end":{"line":91,"column":19}},"39":{"start":{"line":92,"column":4},"end":{"line":95,"column":5}},"40":{"start":{"line":93,"column":6},"end":{"line":93,"column":29}},"41":{"start":{"line":94,"column":6},"end":{"line":94,"column":16}},"42":{"start":{"line":96,"column":14},"end":{"line":96,"column":25}},"43":{"start":{"line":97,"column":4},"end":{"line":105,"column":5}},"44":{"start":{"line":98,"column":23},"end":{"line":98,"column":32}},"45":{"start":{"line":100,"column":6},"end":{"line":103,"column":7}},"46":{"start":{"line":100,"column":19},"end":{"line":100,"column":20}},"47":{"start":{"line":101,"column":8},"end":{"line":101,"column":34}},"48":{"start":{"line":102,"column":8},"end":{"line":102,"column":37}},"49":{"start":{"line":104,"column":6},"end":{"line":104,"column":20}},"50":{"start":{"line":114,"column":2},"end":{"line":120,"column":3}},"51":{"start":{"line":115,"column":4},"end":{"line":115,"column":23}},"52":{"start":{"line":116,"column":4},"end":{"line":116,"column":24}},"53":{"start":{"line":118,"column":4},"end":{"line":118,"column":23}},"54":{"start":{"line":119,"column":4},"end":{"line":119,"column":24}},"55":{"start":{"line":122,"column":21},"end":{"line":122,"column":37}},"56":{"start":{"line":123,"column":20},"end":{"line":123,"column":35}},"57":{"start":{"line":125,"column":2},"end":{"line":135,"column":3}},"58":{"start":{"line":127,"column":20},"end":{"line":127,"column":37}},"59":{"start":{"line":128,"column":19},"end":{"line":128,"column":35}},"60":{"start":{"line":130,"column":4},"end":{"line":130,"column":36}},"61":{"start":{"line":131,"column":4},"end":{"line":131,"column":33}},"62":{"start":{"line":133,"column":4},"end":{"line":133,"column":29}},"63":{"start":{"line":134,"column":4},"end":{"line":134,"column":27}},"64":{"start":{"line":136,"column":2},"end":{"line":136,"column":25}},"65":{"start":{"line":139,"column":0},"end":{"line":139,"column":42}}},"fnMap":{"0":{"name":"(anonymous_0)","decl":{"start":{"line":4,"column":2},"end":{"line":4,"column":3}},"loc":{"start":{"line":4,"column":34},"end":{"line":7,"column":3}},"line":4},"1":{"name":"(anonymous_1)","decl":{"start":{"line":11,"column":2},"end":{"line":11,"column":3}},"loc":{"start":{"line":11,"column":16},"end":{"line":13,"column":3}},"line":11},"2":{"name":"(anonymous_2)","decl":{"start":{"line":15,"column":2},"end":{"line":15,"column":3}},"loc":{"start":{"line":15,"column":11},"end":{"line":23,"column":3}},"line":15},"3":{"name":"(anonymous_3)","decl":{"start":{"line":25,"column":2},"end":{"line":25,"column":3}},"loc":{"start":{"line":25,"column":21},"end":{"line":28,"column":3}},"line":25},"4":{"name":"(anonymous_4)","decl":{"start":{"line":36,"column":2},"end":{"line":36,"column":3}},"loc":{"start":{"line":36,"column":16},"end":{"line":38,"column":3}},"line":36},"5":{"name":"(anonymous_5)","decl":{"start":{"line":40,"column":2},"end":{"line":40,"column":3}},"loc":{"start":{"line":40,"column":18},"end":{"line":49,"column":3}},"line":40},"6":{"name":"(anonymous_6)","decl":{"start":{"line":51,"column":2},"end":{"line":51,"column":3}},"loc":{"start":{"line":51,"column":13},"end":{"line":59,"column":3}},"line":51},"7":{"name":"(anonymous_7)","decl":{"start":{"line":61,"column":2},"end":{"line":61,"column":3}},"loc":{"start":{"line":61,"column":16},"end":{"line":71,"column":3}},"line":61},"8":{"name":"(anonymous_8)","decl":{"start":{"line":73,"column":2},"end":{"line":73,"column":3}},"loc":{"start":{"line":73,"column":32},"end":{"line":79,"column":3}},"line":73},"9":{"name":"(anonymous_9)","decl":{"start":{"line":81,"column":2},"end":{"line":81,"column":3}},"loc":{"start":{"line":81,"column":31},"end":{"line":87,"column":3}},"line":81},"10":{"name":"(anonymous_10)","decl":{"start":{"line":89,"column":2},"end":{"line":89,"column":3}},"loc":{"start":{"line":89,"column":19},"end":{"line":106,"column":3}},"line":89},"11":{"name":"mergeLists","decl":{"start":{"line":109,"column":9},"end":{"line":109,"column":19}},"loc":{"start":{"line":109,"column":34},"end":{"line":137,"column":1}},"line":109}},"branchMap":{"0":{"loc":{"start":{"line":4,"column":21},"end":{"line":4,"column":32}},"type":"default-arg","locations":[{"start":{"line":4,"column":28},"end":{"line":4,"column":32}}],"line":4},"1":{"loc":{"start":{"line":26,"column":12},"end":{"line":27,"column":18}},"type":"cond-expr","locations":[{"start":{"line":27,"column":6},"end":{"line":27,"column":10}},{"start":{"line":27,"column":13},"end":{"line":27,"column":18}}],"line":26},"2":{"loc":{"start":{"line":43,"column":6},"end":{"line":45,"column":7}},"type":"if","locations":[{"start":{"line":43,"column":6},"end":{"line":45,"column":7}},{"start":{"line":43,"column":6},"end":{"line":45,"column":7}}],"line":43},"3":{"loc":{"start":{"line":63,"column":4},"end":{"line":70,"column":5}},"type":"if","locations":[{"start":{"line":63,"column":4},"end":{"line":70,"column":5}},{"start":{"line":63,"column":4},"end":{"line":70,"column":5}}],"line":63},"4":{"loc":{"start":{"line":97,"column":4},"end":{"line":105,"column":5}},"type":"if","locations":[{"start":{"line":97,"column":4},"end":{"line":105,"column":5}},{"start":{"line":97,"column":4},"end":{"line":105,"column":5}}],"line":97},"5":{"loc":{"start":{"line":97,"column":8},"end":{"line":97,"column":38}},"type":"binary-expr","locations":[{"start":{"line":97,"column":9},"end":{"line":97,"column":17}},{"start":{"line":97,"column":23},"end":{"line":97,"column":37}}],"line":97},"6":{"loc":{"start":{"line":114,"column":2},"end":{"line":120,"column":3}},"type":"if","locations":[{"start":{"line":114,"column":2},"end":{"line":120,"column":3}},{"start":{"line":114,"column":2},"end":{"line":120,"column":3}}],"line":114}},"s":{"0":70,"1":70,"2":20,"3":10,"4":10,"5":10,"6":24,"7":24,"8":10,"9":5,"10":7,"11":2,"12":2,"13":3,"14":1,"15":2,"16":1,"17":1,"18":1,"19":1,"20":3,"21":3,"22":1,"23":61,"24":61,"25":44,"26":54,"27":44,"28":17,"29":1,"30":1,"31":2,"32":1,"33":1,"34":1,"35":3,"36":1,"37":5,"38":5,"39":5,"40":14,"41":14,"42":5,"43":5,"44":3,"45":3,"46":3,"47":3,"48":3,"49":3,"50":3,"51":2,"52":2,"53":1,"54":1,"55":3,"56":3,"57":3,"58":6,"59":6,"60":6,"61":6,"62":6,"63":6,"64":3,"65":1},"f":{"0":70,"1":20,"2":10,"3":5,"4":7,"5":2,"6":1,"7":61,"8":1,"9":1,"10":5,"11":3},"b":{"0":[63],"1":[3,2],"2":[1,2],"3":[44,17],"4":[3,2],"5":[5,4],"6":[2,1]},"_coverageSchema":"43e27e138ebf9cfc5966b082cf9a028302ed4184","hash":"fc5431dc2e6eea26882242574235fb72c144b1e6"}
}
