TN:
SF:/Users/adrianagraybill/projects/data-structures-and-algorithms/challenges/fifoAnimalShelter/fifo-animal-shelter.js
FN:6,(anonymous_0)
FN:11,(anonymous_1)
FN:23,(anonymous_2)
FNF:3
FNH:3
FNDA:6,(anonymous_0)
FNDA:15,(anonymous_1)
FNDA:3,(anonymous_2)
DA:3,1
DA:7,6
DA:8,6
DA:12,15
DA:13,6
DA:14,6
DA:15,9
DA:16,8
DA:17,8
DA:19,1
DA:24,3
DA:25,1
DA:26,2
DA:27,1
DA:29,1
DA:34,1
LF:16
LH:16
BRDA:12,0,0,6
BRDA:12,0,1,9
BRDA:15,1,0,8
BRDA:15,1,1,1
BRDA:24,2,0,1
BRDA:24,2,1,2
BRDA:26,3,0,1
BRDA:26,3,1,1
BRF:8
BRH:8
end_of_record
TN:
SF:/Users/adrianagraybill/projects/data-structures-and-algorithms/code-challenges/leetcode/distribute-candies/distribute-candies.js
FN:3,distributeCandies
FNF:1
FNH:1
FNDA:1,distributeCandies
DA:4,1
DA:5,1
DA:6,1
DA:7,6
DA:8,3
DA:9,3
DA:12,3
DA:15,1
DA:16,1
DA:19,1
LF:10
LH:10
BRDA:7,0,0,3
BRDA:7,0,1,3
BRDA:16,1,0,0
BRDA:16,1,1,1
BRF:4
BRH:3
end_of_record
TN:
SF:/Users/adrianagraybill/projects/data-structures-and-algorithms/code-challenges/leetcode/two-sum/two-sum.js
FN:3,(anonymous_0)
FNF:1
FNH:1
FNDA:1,(anonymous_0)
DA:3,1
DA:4,1
DA:5,4
DA:6,16
DA:7,1
DA:13,1
LF:6
LH:6
BRDA:6,0,0,1
BRDA:6,0,1,15
BRDA:6,1,0,16
BRDA:6,1,1,13
BRF:4
BRH:4
end_of_record
TN:
SF:/Users/adrianagraybill/projects/data-structures-and-algorithms/data-structures/linkedList/linked-list.js
FN:4,(anonymous_0)
FN:11,(anonymous_1)
FN:15,(anonymous_2)
FN:25,(anonymous_3)
FN:30,(anonymous_4)
FN:34,(anonymous_5)
FN:45,(anonymous_6)
FN:55,(anonymous_7)
FN:67,(anonymous_8)
FN:75,(anonymous_9)
FN:83,(anonymous_10)
FN:103,mergeLists
FNF:12
FNH:12
FNDA:70,(anonymous_0)
FNDA:20,(anonymous_1)
FNDA:10,(anonymous_2)
FNDA:5,(anonymous_3)
FNDA:7,(anonymous_4)
FNDA:2,(anonymous_5)
FNDA:1,(anonymous_6)
FNDA:61,(anonymous_7)
FNDA:1,(anonymous_8)
FNDA:1,(anonymous_9)
FNDA:5,(anonymous_10)
FNDA:3,mergeLists
DA:5,70
DA:6,70
DA:12,20
DA:16,10
DA:17,10
DA:18,10
DA:19,24
DA:20,24
DA:22,10
DA:26,5
DA:31,7
DA:35,2
DA:36,2
DA:37,3
DA:38,1
DA:40,2
DA:42,1
DA:46,1
DA:47,1
DA:48,1
DA:49,3
DA:50,3
DA:52,1
DA:56,61
DA:57,61
DA:58,44
DA:59,54
DA:61,44
DA:63,17
DA:68,1
DA:69,1
DA:70,2
DA:72,1
DA:76,1
DA:77,1
DA:78,3
DA:80,1
DA:84,5
DA:85,5
DA:86,5
DA:87,14
DA:88,14
DA:90,5
DA:91,5
DA:92,3
DA:94,3
DA:95,3
DA:96,3
DA:98,3
DA:108,3
DA:109,2
DA:110,2
DA:113,1
DA:114,1
DA:117,3
DA:118,3
DA:120,3
DA:122,6
DA:123,6
DA:125,6
DA:126,6
DA:128,6
DA:129,6
DA:131,3
DA:134,1
LF:65
LH:65
BRDA:4,0,0,63
BRDA:26,1,0,3
BRDA:26,1,1,2
BRDA:37,2,0,1
BRDA:37,2,1,2
BRDA:57,3,0,44
BRDA:57,3,1,17
BRDA:91,4,0,3
BRDA:91,4,1,2
BRDA:91,5,0,5
BRDA:91,5,1,4
BRDA:108,6,0,2
BRDA:108,6,1,1
BRF:13
BRH:13
end_of_record
TN:
SF:/Users/adrianagraybill/projects/data-structures-and-algorithms/data-structures/queue/queue.js
FN:2,(anonymous_0)
FN:9,(anonymous_1)
FN:14,(anonymous_2)
FN:18,(anonymous_3)
FN:29,(anonymous_4)
FNF:5
FNH:5
FNDA:26,(anonymous_0)
FNDA:16,(anonymous_1)
FNDA:1,(anonymous_2)
FNDA:26,(anonymous_3)
FNDA:4,(anonymous_4)
DA:3,26
DA:4,26
DA:10,16
DA:11,16
DA:15,1
DA:19,26
DA:20,26
DA:21,15
DA:23,26
DA:24,26
DA:25,11
DA:30,4
DA:31,4
DA:32,4
DA:33,4
DA:38,2
LF:16
LH:16
BRDA:2,0,0,26
BRDA:20,1,0,15
BRDA:20,1,1,11
BRDA:24,2,0,11
BRDA:24,2,1,15
BRF:5
BRH:5
end_of_record
TN:
SF:/Users/adrianagraybill/projects/data-structures-and-algorithms/data-structures/queueWithStacks/queue-with-stacks.js
FN:6,(anonymous_0)
FN:11,(anonymous_1)
FN:15,(anonymous_2)
FNF:3
FNH:3
FNDA:3,(anonymous_0)
FNDA:9,(anonymous_1)
FNDA:3,(anonymous_2)
DA:3,1
DA:7,3
DA:8,3
DA:12,9
DA:16,3
DA:17,5
DA:19,3
DA:20,2
DA:21,3
DA:23,2
DA:27,1
LF:11
LH:11
BRF:0
BRH:0
end_of_record
TN:
SF:/Users/adrianagraybill/projects/data-structures-and-algorithms/data-structures/stack/stack.js
FN:4,(anonymous_0)
FN:11,(anonymous_1)
FN:16,(anonymous_2)
FN:20,(anonymous_3)
FN:27,(anonymous_4)
FNF:5
FNH:5
FNDA:17,(anonymous_0)
FNDA:6,(anonymous_1)
FNDA:17,(anonymous_2)
FNDA:11,(anonymous_3)
FNDA:13,(anonymous_4)
DA:5,17
DA:6,17
DA:12,6
DA:13,6
DA:17,17
DA:21,11
DA:22,11
DA:23,10
DA:24,10
DA:28,13
DA:29,8
DA:31,5
DA:38,1
LF:13
LH:13
BRDA:4,0,0,0
BRDA:28,1,0,8
BRDA:28,1,1,5
BRF:3
BRH:2
end_of_record
