TN:
SF:/Users/adrianagraybill/codefellows/301n13/labs/data-structures-and-algorithms/data-structures/linkedList/linked-list.js
FN:4,(anonymous_0)
FN:11,(anonymous_1)
FN:15,(anonymous_2)
FN:25,(anonymous_3)
FN:36,(anonymous_4)
FN:40,(anonymous_5)
FN:51,(anonymous_6)
FN:61,(anonymous_7)
FN:73,(anonymous_8)
FN:81,(anonymous_9)
FN:89,(anonymous_10)
FN:109,mergeLists
FNF:12
FNH:12
FNDA:70,(anonymous_0)
FNDA:20,(anonymous_1)
FNDA:10,(anonymous_2)
FNDA:5,(anonymous_3)
FNDA:7,(anonymous_4)
FNDA:2,(anonymous_5)
FNDA:1,(anonymous_6)
FNDA:61,(anonymous_7)
FNDA:1,(anonymous_8)
FNDA:1,(anonymous_9)
FNDA:5,(anonymous_10)
FNDA:3,mergeLists
DA:5,70
DA:6,70
DA:12,20
DA:16,10
DA:17,10
DA:18,10
DA:19,24
DA:20,24
DA:22,10
DA:26,5
DA:37,7
DA:41,2
DA:42,2
DA:43,3
DA:44,1
DA:46,2
DA:48,1
DA:52,1
DA:53,1
DA:54,1
DA:55,3
DA:56,3
DA:58,1
DA:62,61
DA:63,61
DA:64,44
DA:65,54
DA:67,44
DA:69,17
DA:74,1
DA:75,1
DA:76,2
DA:78,1
DA:82,1
DA:83,1
DA:84,3
DA:86,1
DA:90,5
DA:91,5
DA:92,5
DA:93,14
DA:94,14
DA:96,5
DA:97,5
DA:98,3
DA:100,3
DA:101,3
DA:102,3
DA:104,3
DA:114,3
DA:115,2
DA:116,2
DA:118,1
DA:119,1
DA:122,3
DA:123,3
DA:125,3
DA:127,6
DA:128,6
DA:130,6
DA:131,6
DA:133,6
DA:134,6
DA:136,3
DA:139,1
LF:65
LH:65
BRDA:4,0,0,63
BRDA:26,1,0,3
BRDA:26,1,1,2
BRDA:43,2,0,1
BRDA:43,2,1,2
BRDA:63,3,0,44
BRDA:63,3,1,17
BRDA:97,4,0,3
BRDA:97,4,1,2
BRDA:97,5,0,5
BRDA:97,5,1,4
BRDA:114,6,0,2
BRDA:114,6,1,1
BRF:13
BRH:13
end_of_record
